Flow report for iir
Thu Jan 11 21:59:07 2018
Quartus Prime Version 17.0.0 Build 595 04/25/2017 SJ Lite Edition


---------------------
; Table of Contents ;
---------------------
  1. Legal Notice
  2. Flow Summary
  3. Flow Settings
  4. Flow Non-Default Global Settings
  5. Flow Elapsed Time
  6. Flow OS Summary
  7. Flow Log
  8. Flow Messages
  9. Flow Suppressed Messages



----------------
; Legal Notice ;
----------------
Copyright (C) 2017  Intel Corporation. All rights reserved.
Your use of Intel Corporation's design tools, logic functions 
and other software and tools, and its AMPP partner logic 
functions, and any output files from any of the foregoing 
(including device programming or simulation files), and any 
associated documentation or information are expressly subject 
to the terms and conditions of the Intel Program License 
Subscription Agreement, the Intel Quartus Prime License Agreement,
the Intel MegaCore Function License Agreement, or other 
applicable license agreement, including, without limitation, 
that your use is for the sole purpose of programming logic 
devices manufactured by Intel and sold by Intel or its 
authorized distributors.  Please refer to the applicable 
agreement for further details.



+-------------------------------------------------------------------------------+
; Flow Summary                                                                  ;
+---------------------------------+---------------------------------------------+
; Flow Status                     ; Successful - Thu Jan 11 21:59:07 2018       ;
; Quartus Prime Version           ; 17.0.0 Build 595 04/25/2017 SJ Lite Edition ;
; Revision Name                   ; iir                                         ;
; Top-level Entity Name           ; iir                                         ;
; Family                          ; Cyclone V                                   ;
; Device                          ; 5CGXFC7C7F23C8                              ;
; Timing Models                   ; Final                                       ;
; Logic utilization (in ALMs)     ; 752 / 56,480 ( 1 % )                        ;
; Total registers                 ; 128                                         ;
; Total pins                      ; 66 / 268 ( 25 % )                           ;
; Total virtual pins              ; 0                                           ;
; Total block memory bits         ; 0 / 7,024,640 ( 0 % )                       ;
; Total DSP Blocks                ; 57 / 156 ( 37 % )                           ;
; Total HSSI RX PCSs              ; 0 / 6 ( 0 % )                               ;
; Total HSSI PMA RX Deserializers ; 0 / 6 ( 0 % )                               ;
; Total HSSI TX PCSs              ; 0 / 6 ( 0 % )                               ;
; Total HSSI PMA TX Serializers   ; 0 / 6 ( 0 % )                               ;
; Total PLLs                      ; 0 / 13 ( 0 % )                              ;
; Total DLLs                      ; 0 / 4 ( 0 % )                               ;
+---------------------------------+---------------------------------------------+


+-----------------------------------------+
; Flow Settings                           ;
+-------------------+---------------------+
; Option            ; Setting             ;
+-------------------+---------------------+
; Start date & time ; 01/11/2018 21:55:43 ;
; Main task         ; Compilation         ;
; Revision Name     ; iir                 ;
+-------------------+---------------------+


+-------------------------------------------------------------------------------------------------------------------------------+
; Flow Non-Default Global Settings                                                                                              ;
+--------------------------------------+----------------------------------------+---------------+-------------+-----------------+
; Assignment Name                      ; Value                                  ; Default Value ; Entity Name ; Section Id      ;
+--------------------------------------+----------------------------------------+---------------+-------------+-----------------+
; COMPILER_SIGNATURE_ID                ; 123658581673895.151571494328953        ; --            ; --          ; --              ;
; EDA_DESIGN_INSTANCE_NAME             ; NA                                     ; --            ; --          ; testbench_500Hz ;
; EDA_NATIVELINK_SIMULATION_TEST_BENCH ; testbench_500Hz                        ; --            ; --          ; eda_simulation  ;
; EDA_OUTPUT_DATA_FORMAT               ; Verilog Hdl                            ; --            ; --          ; eda_simulation  ;
; EDA_SIMULATION_TOOL                  ; ModelSim-Altera (Verilog)              ; <None>        ; --          ; --              ;
; EDA_TEST_BENCH_ENABLE_STATUS         ; TEST_BENCH_MODE                        ; --            ; --          ; eda_simulation  ;
; EDA_TEST_BENCH_FILE                  ; filter_tb.v                            ; --            ; --          ; testbench_500Hz ;
; EDA_TEST_BENCH_MODULE_NAME           ; testbench_500Hz                        ; --            ; --          ; testbench_500Hz ;
; EDA_TEST_BENCH_NAME                  ; testbench_500Hz                        ; --            ; --          ; eda_simulation  ;
; EDA_TIME_SCALE                       ; 10 ns                                  ; --            ; --          ; eda_simulation  ;
; MAX_CORE_JUNCTION_TEMP               ; 85                                     ; --            ; --          ; --              ;
; MIN_CORE_JUNCTION_TEMP               ; 0                                      ; --            ; --          ; --              ;
; PARTITION_COLOR                      ; -- (Not supported for targeted family) ; --            ; --          ; Top             ;
; PARTITION_FITTER_PRESERVATION_LEVEL  ; -- (Not supported for targeted family) ; --            ; --          ; Top             ;
; PARTITION_NETLIST_TYPE               ; -- (Not supported for targeted family) ; --            ; --          ; Top             ;
; POWER_BOARD_THERMAL_MODEL            ; None (CONSERVATIVE)                    ; --            ; --          ; --              ;
; POWER_PRESET_COOLING_SOLUTION        ; 23 MM HEAT SINK WITH 200 LFPM AIRFLOW  ; --            ; --          ; --              ;
; PROJECT_OUTPUT_DIRECTORY             ; output_files                           ; --            ; --          ; --              ;
+--------------------------------------+----------------------------------------+---------------+-------------+-----------------+


+-------------------------------------------------------------------------------------------------------------------------------+
; Flow Elapsed Time                                                                                                             ;
+---------------------------+--------------+-------------------------+---------------------+------------------------------------+
; Module Name               ; Elapsed Time ; Average Processors Used ; Peak Virtual Memory ; Total CPU Time (on all processors) ;
+---------------------------+--------------+-------------------------+---------------------+------------------------------------+
; Analysis & Synthesis      ; 00:00:29     ; 1.0                     ; 1005 MB             ; 00:00:36                           ;
; Fitter                    ; 00:02:15     ; 1.1                     ; 2229 MB             ; 00:03:37                           ;
; Assembler                 ; 00:00:11     ; 1.0                     ; 994 MB              ; 00:00:09                           ;
; TimeQuest Timing Analyzer ; 00:00:15     ; 1.4                     ; 1267 MB             ; 00:00:19                           ;
; EDA Netlist Writer        ; 00:00:02     ; 1.0                     ; 1189 MB             ; 00:00:02                           ;
; Total                     ; 00:03:12     ; --                      ; --                  ; 00:04:43                           ;
+---------------------------+--------------+-------------------------+---------------------+------------------------------------+


+-----------------------------------------------------------------------------------------------+
; Flow OS Summary                                                                               ;
+---------------------------+------------------+------------------+------------+----------------+
; Module Name               ; Machine Hostname ; OS Name          ; OS Version ; Processor type ;
+---------------------------+------------------+------------------+------------+----------------+
; Analysis & Synthesis      ; dellawges        ; Debian GNU/Linux ; 9          ; x86_64         ;
; Fitter                    ; dellawges        ; Debian GNU/Linux ; 9          ; x86_64         ;
; Assembler                 ; dellawges        ; Debian GNU/Linux ; 9          ; x86_64         ;
; TimeQuest Timing Analyzer ; dellawges        ; Debian GNU/Linux ; 9          ; x86_64         ;
; EDA Netlist Writer        ; dellawges        ; Debian GNU/Linux ; 9          ; x86_64         ;
+---------------------------+------------------+------------------+------------+----------------+


------------
; Flow Log ;
------------
quartus_map --read_settings_files=on --write_settings_files=off iir -c iir
quartus_fit --read_settings_files=off --write_settings_files=off iir -c iir
quartus_asm --read_settings_files=off --write_settings_files=off iir -c iir
quartus_sta iir -c iir
quartus_eda --read_settings_files=off --write_settings_files=off iir -c iir



